1 : P  1 : started
2 : P  2 : started
3 : C  1 : started
4 : C  1 : load
5 : P  1 : board
6 : P  1 : board order  1
7 : P  3 : started
8 : P  2 : board
9 : P  2 : board last
10 : C  1 : run
11 : C  1 : unload
12 : P  4 : started
13 : P  1 : unboard
14 : P  1 : unboard order  1
15 : P  2 : unboard
16 : P  2 : unboard last
17 : C  1 : load
18 : P  4 : board
19 : P  4 : board order  1
20 : P  3 : board
21 : P  3 : board last
22 : C  1 : run
23 : C  1 : unload
24 : P  4 : unboard
25 : P  4 : unboard order  1
26 : P  3 : unboard
27 : P  3 : unboard last
28 : C  1 : finished
29 : P  2 : finished
30 : P  3 : finished
31 : P  1 : finished
32 : P  4 : finished
